<?xml version="1.0" encoding="UTF-8"?>
<!-- Generated by org.testng.reporters.JUnitXMLReporter -->
<testsuite ignored="0" hostname="DESKTOP-2RF84QH" failures="0" tests="1" name="15.ensure user able sigup through joinform by entring all required fields" time="87.247" errors="0" timestamp="30 Aug 2022 09:01:50 GMT">
  <testcase classname="com.NativeApp.TestCases.JoinFormSuccessfullSignUp" name="SuccessfullSignUpinjoinforms" time="76.06"/>
</testsuite> <!-- 15.ensure user able sigup through joinform by entring all required fields -->
