<?xml version="1.0" encoding="UTF-8"?>
<!-- Generated by org.testng.reporters.JUnitXMLReporter -->
<testsuite ignored="0" hostname="DESKTOP-2RF84QH" failures="0" tests="1" name="16.ensure user able sigup through rejoinform with already registered number" time="77.058" errors="0" timestamp="30 Aug 2022 09:03:07 GMT">
  <testcase classname="com.NativeApp.TestCases.Rejoinform" name="SuccessfullSignUpinrejoinform" time="66.44"/>
</testsuite> <!-- 16.ensure user able sigup through rejoinform with already registered number -->
