<?xml version="1.0" encoding="UTF-8"?>
<!-- Generated by org.testng.reporters.JUnitXMLReporter -->
<testsuite ignored="0" hostname="DESKTOP-2RF84QH" failures="0" tests="1" name="2.ensure user able to see the please enter your number text in login page" time="15.181" errors="0" timestamp="30 Aug 2022 08:57:50 GMT">
  <testcase classname="com.NativeApp.TestCases.LoginPageNumberTagPresence" name="NumberTagPresenceinloginpage" time="4.676"/>
</testsuite> <!-- 2.ensure user able to see the please enter your number text in login page -->
