<?xml version="1.0" encoding="UTF-8"?>
<!-- Generated by org.testng.reporters.JUnitXMLReporter -->
<testsuite hostname="DESKTOP-2RF84QH" ignored="0" name="15.ensure user able sigup through joinform by entring all required fields" tests="1" failures="1" timestamp="30 Aug 2022 09:09:31 GMT" time="39.156" errors="0">
  <testcase name="SuccessfullSignUpinjoinforms" time="27.749" classname="com.NativeApp.TestCases.JoinFormSuccessfullSignUp">
    <failure type="org.openqa.selenium.InvalidElementStateException" message="Cannot set the element to &amp;apos;renberg@gmail.com&amp;apos;. Did you interact with the correct element?
Build info: version: &amp;apos;4.4.0&amp;apos;, revision: &amp;apos;e5c75ed026a&amp;apos;
System info: host: &amp;apos;DESKTOP-2RF84QH&amp;apos;, ip: &amp;apos;192.168.34.15&amp;apos;, os.name: &amp;apos;Windows 10&amp;apos;, os.arch: &amp;apos;amd64&amp;apos;, os.version: &amp;apos;10.0&amp;apos;, java.version: &amp;apos;1.8.0_341&amp;apos;
Driver info: io.appium.java_client.android.AndroidDriver
Command: [a6d4929a-8e38-485b-be35-3b1aec69ae7a, sendKeysToElement {id=00000000-0000-0312-ffff-ffff0000014b, value=[Ljava.lang.CharSequence;@1da1380b}]
Capabilities {appium:app: C:\Users\GSPLK-LPA99\Deskto..., appium:appPackage: com.springbig.theHelloClub, appium:automationName: UIAutomator2, appium:databaseEnabled: false, appium:desired: {app: C:\Users\GSPLK-LPA99\Deskto..., automationName: UIAutomator2, deviceName: xiaomi Redmi Note 8 Pro, platformName: android}, appium:deviceApiLevel: 30, appium:deviceManufacturer: Xiaomi, appium:deviceModel: Redmi Note 8 Pro, appium:deviceName: v8kjhmcqaaqcuovk, appium:deviceScreenDensity: 440, appium:deviceScreenSize: 1080x2340, appium:deviceUDID: v8kjhmcqaaqcuovk, appium:javascriptEnabled: true, appium:locationContextEnabled: false, appium:networkConnectionEnabled: true, appium:pixelRatio: 2.75, appium:platformVersion: 11, appium:statBarHeight: 76, appium:takesScreenshot: true, appium:viewportRect: {height: 2058, left: 0, top: 76, width: 1080}, appium:warnings: {}, appium:webStorageEnabled: false, platformName: ANDROID}
Element: [[AndroidDriver:  on ANDROID (a6d4929a-8e38-485b-be35-3b1aec69ae7a)] -&amp;gt; xpath: (//android.widget.EditText)[2]]
Session ID: a6d4929a-8e38-485b-be35-3b1aec69ae7a">
      <![CDATA[org.openqa.selenium.InvalidElementStateException: Cannot set the element to 'renberg@gmail.com'. Did you interact with the correct element?
Build info: version: '4.4.0', revision: 'e5c75ed026a'
System info: host: 'DESKTOP-2RF84QH', ip: '192.168.34.15', os.name: 'Windows 10', os.arch: 'amd64', os.version: '10.0', java.version: '1.8.0_341'
Driver info: io.appium.java_client.android.AndroidDriver
Command: [a6d4929a-8e38-485b-be35-3b1aec69ae7a, sendKeysToElement {id=00000000-0000-0312-ffff-ffff0000014b, value=[Ljava.lang.CharSequence;@1da1380b}]
Capabilities {appium:app: C:\Users\GSPLK-LPA99\Deskto..., appium:appPackage: com.springbig.theHelloClub, appium:automationName: UIAutomator2, appium:databaseEnabled: false, appium:desired: {app: C:\Users\GSPLK-LPA99\Deskto..., automationName: UIAutomator2, deviceName: xiaomi Redmi Note 8 Pro, platformName: android}, appium:deviceApiLevel: 30, appium:deviceManufacturer: Xiaomi, appium:deviceModel: Redmi Note 8 Pro, appium:deviceName: v8kjhmcqaaqcuovk, appium:deviceScreenDensity: 440, appium:deviceScreenSize: 1080x2340, appium:deviceUDID: v8kjhmcqaaqcuovk, appium:javascriptEnabled: true, appium:locationContextEnabled: false, appium:networkConnectionEnabled: true, appium:pixelRatio: 2.75, appium:platformVersion: 11, appium:statBarHeight: 76, appium:takesScreenshot: true, appium:viewportRect: {height: 2058, left: 0, top: 76, width: 1080}, appium:warnings: {}, appium:webStorageEnabled: false, platformName: ANDROID}
Element: [[AndroidDriver:  on ANDROID (a6d4929a-8e38-485b-be35-3b1aec69ae7a)] -> xpath: (//android.widget.EditText)[2]]
Session ID: a6d4929a-8e38-485b-be35-3b1aec69ae7a
at org.openqa.selenium.remote.codec.w3c.W3CHttpResponseCodec.createException(W3CHttpResponseCodec.java:200)
at org.openqa.selenium.remote.codec.w3c.W3CHttpResponseCodec.decode(W3CHttpResponseCodec.java:133)
at org.openqa.selenium.remote.codec.w3c.W3CHttpResponseCodec.decode(W3CHttpResponseCodec.java:53)
at org.openqa.selenium.remote.HttpCommandExecutor.execute(HttpCommandExecutor.java:184)
at io.appium.java_client.remote.AppiumCommandExecutor.execute(AppiumCommandExecutor.java:180)
at org.openqa.selenium.remote.RemoteWebDriver.execute(RemoteWebDriver.java:547)
at org.openqa.selenium.remote.RemoteWebElement.execute(RemoteWebElement.java:257)
at org.openqa.selenium.remote.RemoteWebElement.sendKeys(RemoteWebElement.java:113)
at org.openqa.selenium.support.pagefactory.internal.LocatingElementHandler.invoke(LocatingElementHandler.java:52)
at com.sun.proxy.$Proxy14.sendKeys(Unknown Source)
at com.NativeApp.ElementsAction.JoinForm.setEmail(JoinForm.java:81)
at com.NativeApp.TestCases.JoinFormSuccessfullSignUp.SuccessfullSignUpinjoinforms(JoinFormSuccessfullSignUp.java:18)
... Removed 37 stack frames]]>
    </failure>
  </testcase> <!-- SuccessfullSignUpinjoinforms -->
</testsuite> <!-- 15.ensure user able sigup through joinform by entring all required fields -->
