<?xml version="1.0" encoding="UTF-8"?>
<!-- Generated by org.testng.reporters.JUnitXMLReporter -->
<testsuite hostname="DESKTOP-2RF84QH" ignored="0" name="16.ensure user able sigup through rejoinform with already registered number" tests="1" failures="0" timestamp="30 Aug 2022 09:10:47 GMT" time="74.208" errors="0">
  <testcase name="SuccessfullSignUpinrejoinform" time="64.885" classname="com.NativeApp.TestCases.Rejoinform"/>
</testsuite> <!-- 16.ensure user able sigup through rejoinform with already registered number -->
