<?xml version="1.0" encoding="UTF-8"?>
<!-- Generated by org.testng.reporters.JUnitXMLReporter -->
<testsuite hostname="DESKTOP-2RF84QH" ignored="0" name="5.ensure user able to login with enter valid phone number or login button working fine with valid phone number" tests="1" failures="0" timestamp="30 Aug 2022 09:07:09 GMT" time="11.894" errors="0">
  <testcase name="successLoginwithvalidnumber" time="3.041" classname="com.NativeApp.TestCases.LoginPageSuccessfulLogIn"/>
</testsuite> <!-- 5.ensure user able to login with enter valid phone number or login button working fine with valid phone number -->
