<?xml version="1.0" encoding="UTF-8"?>
<testng-results skipped="0" failed="1" ignored="12" total="16" passed="3">
  <reporter-output>
  </reporter-output>
  <suite name="Suite" duration-ms="275667" started-at="2022-08-30T09:06:10Z" finished-at="2022-08-30T09:10:46Z">
    <groups>
      <group name="smoke">
        <method signature="LoginPageSuccessfulLogIn.successLoginwithvalidnumber(java.lang.String)[pri:0, instance:com.NativeApp.TestCases.LoginPageSuccessfulLogIn@14555e0a]" name="successLoginwithvalidnumber" class="com.NativeApp.TestCases.LoginPageSuccessfulLogIn"/>
        <method signature="AppSuccessfullLoginWithValidPin.loginWithValidPininpintrypage(java.lang.String)[pri:0, instance:com.NativeApp.TestCases.AppSuccessfullLoginWithValidPin@28f2a10f]" name="loginWithValidPininpintrypage" class="com.NativeApp.TestCases.AppSuccessfullLoginWithValidPin"/>
        <method signature="JoinFormSuccessfullSignUp.SuccessfullSignUpinjoinforms(java.lang.String, java.lang.String, java.lang.String, java.lang.String)[pri:0, instance:com.NativeApp.TestCases.JoinFormSuccessfullSignUp@a530d0a]" name="SuccessfullSignUpinjoinforms" class="com.NativeApp.TestCases.JoinFormSuccessfullSignUp"/>
        <method signature="Rejoinform.SuccessfullSignUpinrejoinform(java.lang.String)[pri:0, instance:com.NativeApp.TestCases.Rejoinform@66d3eec0]" name="SuccessfullSignUpinrejoinform" class="com.NativeApp.TestCases.Rejoinform"/>
      </group> <!-- smoke -->
    </groups>
    <test name="1.ensure user able to see the app logo in login page" duration-ms="15879" started-at="2022-08-30T09:06:10Z" finished-at="2022-08-30T09:06:26Z">
      <class name="com.NativeApp.TestCases.LoginPageLogoPresence">
        <test-method status="PASS" signature="ConfigureAppium()[pri:0, instance:com.NativeApp.TestCases.LoginPageLogoPresence@6631f5ca]" name="ConfigureAppium" is-config="true" duration-ms="15547" started-at="2022-08-30T09:06:10Z" finished-at="2022-08-30T09:06:26Z">
          <reporter-output>
          </reporter-output>
        </test-method> <!-- ConfigureAppium -->
        <test-method status="PASS" signature="TearDown()[pri:0, instance:com.NativeApp.TestCases.LoginPageLogoPresence@6631f5ca]" name="TearDown" is-config="true" duration-ms="327" started-at="2022-08-30T09:06:26Z" finished-at="2022-08-30T09:06:26Z">
          <reporter-output>
          </reporter-output>
        </test-method> <!-- TearDown -->
      </class> <!-- com.NativeApp.TestCases.LoginPageLogoPresence -->
    </test> <!-- 1.ensure user able to see the app logo in login page -->
    <test name="2.ensure user able to see the please enter your number text in login page" duration-ms="10729" started-at="2022-08-30T09:06:28Z" finished-at="2022-08-30T09:06:39Z">
      <class name="com.NativeApp.TestCases.LoginPageNumberTagPresence">
        <test-method status="PASS" signature="ConfigureAppium()[pri:0, instance:com.NativeApp.TestCases.LoginPageNumberTagPresence@69997e9d]" name="ConfigureAppium" is-config="true" duration-ms="10443" started-at="2022-08-30T09:06:28Z" finished-at="2022-08-30T09:06:39Z">
          <reporter-output>
          </reporter-output>
        </test-method> <!-- ConfigureAppium -->
        <test-method status="PASS" signature="TearDown()[pri:0, instance:com.NativeApp.TestCases.LoginPageNumberTagPresence@69997e9d]" name="TearDown" is-config="true" duration-ms="286" started-at="2022-08-30T09:06:39Z" finished-at="2022-08-30T09:06:39Z">
          <reporter-output>
          </reporter-output>
        </test-method> <!-- TearDown -->
      </class> <!-- com.NativeApp.TestCases.LoginPageNumberTagPresence -->
    </test> <!-- 2.ensure user able to see the please enter your number text in login page -->
    <test name="3.ensure user able to see the validation if click on login button without enter the phone number" duration-ms="9112" started-at="2022-08-30T09:06:39Z" finished-at="2022-08-30T09:06:48Z">
      <class name="com.NativeApp.TestCases.LoginPageFieldRequiredMsg">
        <test-method status="PASS" signature="ConfigureAppium()[pri:0, instance:com.NativeApp.TestCases.LoginPageFieldRequiredMsg@50b5ac82]" name="ConfigureAppium" is-config="true" duration-ms="8867" started-at="2022-08-30T09:06:39Z" finished-at="2022-08-30T09:06:48Z">
          <reporter-output>
          </reporter-output>
        </test-method> <!-- ConfigureAppium -->
        <test-method status="PASS" signature="TearDown()[pri:0, instance:com.NativeApp.TestCases.LoginPageFieldRequiredMsg@50b5ac82]" name="TearDown" is-config="true" duration-ms="245" started-at="2022-08-30T09:06:48Z" finished-at="2022-08-30T09:06:48Z">
          <reporter-output>
          </reporter-output>
        </test-method> <!-- TearDown -->
      </class> <!-- com.NativeApp.TestCases.LoginPageFieldRequiredMsg -->
    </test> <!-- 3.ensure user able to see the validation if click on login button without enter the phone number -->
    <test name="4.ensure user able to see the validation message if click on login button with enter invalid phone number" duration-ms="9014" started-at="2022-08-30T09:06:48Z" finished-at="2022-08-30T09:06:57Z">
      <class name="com.NativeApp.TestCases.LoginPageInvalidNumber">
        <test-method status="PASS" signature="ConfigureAppium()[pri:0, instance:com.NativeApp.TestCases.LoginPageInvalidNumber@3fb1549b]" name="ConfigureAppium" is-config="true" duration-ms="8730" started-at="2022-08-30T09:06:48Z" finished-at="2022-08-30T09:06:57Z">
          <reporter-output>
          </reporter-output>
        </test-method> <!-- ConfigureAppium -->
        <test-method status="PASS" signature="TearDown()[pri:0, instance:com.NativeApp.TestCases.LoginPageInvalidNumber@3fb1549b]" name="TearDown" is-config="true" duration-ms="284" started-at="2022-08-30T09:06:57Z" finished-at="2022-08-30T09:06:57Z">
          <reporter-output>
          </reporter-output>
        </test-method> <!-- TearDown -->
      </class> <!-- com.NativeApp.TestCases.LoginPageInvalidNumber -->
    </test> <!-- 4.ensure user able to see the validation message if click on login button with enter invalid phone number -->
    <test name="5.ensure user able to login with enter valid phone number or login button working fine with valid phone number" duration-ms="11894" started-at="2022-08-30T09:06:57Z" finished-at="2022-08-30T09:07:09Z">
      <class name="com.NativeApp.TestCases.LoginPageSuccessfulLogIn">
        <test-method status="PASS" signature="ConfigureAppium()[pri:0, instance:com.NativeApp.TestCases.LoginPageSuccessfulLogIn@14555e0a]" name="ConfigureAppium" is-config="true" duration-ms="8480" started-at="2022-08-30T09:06:57Z" finished-at="2022-08-30T09:07:06Z">
          <reporter-output>
          </reporter-output>
        </test-method> <!-- ConfigureAppium -->
        <test-method status="PASS" signature="successLoginwithvalidnumber(java.lang.String)[pri:0, instance:com.NativeApp.TestCases.LoginPageSuccessfulLogIn@14555e0a]" name="successLoginwithvalidnumber" duration-ms="3041" started-at="2022-08-30T09:07:06Z" data-provider="getData" finished-at="2022-08-30T09:07:09Z">
          <params>
            <param index="0">
              <value>
                <![CDATA[8877665544]]>
              </value>
            </param>
          </params>
          <reporter-output>
          </reporter-output>
        </test-method> <!-- successLoginwithvalidnumber -->
        <test-method status="PASS" signature="TearDown()[pri:0, instance:com.NativeApp.TestCases.LoginPageSuccessfulLogIn@14555e0a]" name="TearDown" is-config="true" duration-ms="337" started-at="2022-08-30T09:07:09Z" finished-at="2022-08-30T09:07:09Z">
          <reporter-output>
          </reporter-output>
        </test-method> <!-- TearDown -->
      </class> <!-- com.NativeApp.TestCases.LoginPageSuccessfulLogIn -->
    </test> <!-- 5.ensure user able to login with enter valid phone number or login button working fine with valid phone number -->
    <test name="6.ensure phone number and pin autoclear is working fine when click on pinentrypage cancell button" duration-ms="8684" started-at="2022-08-30T09:07:09Z" finished-at="2022-08-30T09:07:18Z">
      <class name="com.NativeApp.TestCases.PinEntryPageAutoclear">
        <test-method status="PASS" signature="ConfigureAppium()[pri:0, instance:com.NativeApp.TestCases.PinEntryPageAutoclear@4d5b6aac]" name="ConfigureAppium" is-config="true" duration-ms="8318" started-at="2022-08-30T09:07:09Z" finished-at="2022-08-30T09:07:18Z">
          <reporter-output>
          </reporter-output>
        </test-method> <!-- ConfigureAppium -->
        <test-method status="PASS" signature="TearDown()[pri:0, instance:com.NativeApp.TestCases.PinEntryPageAutoclear@4d5b6aac]" name="TearDown" is-config="true" duration-ms="366" started-at="2022-08-30T09:07:18Z" finished-at="2022-08-30T09:07:18Z">
          <reporter-output>
          </reporter-output>
        </test-method> <!-- TearDown -->
      </class> <!-- com.NativeApp.TestCases.PinEntryPageAutoclear -->
    </test> <!-- 6.ensure phone number and pin autoclear is working fine when click on pinentrypage cancell button -->
    <test name="7.ensure user able see temperary pin text in pin entry page" duration-ms="8343" started-at="2022-08-30T09:07:18Z" finished-at="2022-08-30T09:07:27Z">
      <class name="com.NativeApp.TestCases.PinEntryPageTemPinPresence">
        <test-method status="PASS" signature="ConfigureAppium()[pri:0, instance:com.NativeApp.TestCases.PinEntryPageTemPinPresence@63a12c68]" name="ConfigureAppium" is-config="true" duration-ms="8013" started-at="2022-08-30T09:07:18Z" finished-at="2022-08-30T09:07:26Z">
          <reporter-output>
          </reporter-output>
        </test-method> <!-- ConfigureAppium -->
        <test-method status="PASS" signature="TearDown()[pri:0, instance:com.NativeApp.TestCases.PinEntryPageTemPinPresence@63a12c68]" name="TearDown" is-config="true" duration-ms="329" started-at="2022-08-30T09:07:26Z" finished-at="2022-08-30T09:07:27Z">
          <reporter-output>
          </reporter-output>
        </test-method> <!-- TearDown -->
      </class> <!-- com.NativeApp.TestCases.PinEntryPageTemPinPresence -->
    </test> <!-- 7.ensure user able see temperary pin text in pin entry page -->
    <test name="8.ensure user able see enterpin text in pin entry page" duration-ms="8462" started-at="2022-08-30T09:07:27Z" finished-at="2022-08-30T09:07:35Z">
      <class name="com.NativeApp.TestCases.PinEntryEntrePinTextPresence">
        <test-method status="PASS" signature="ConfigureAppium()[pri:0, instance:com.NativeApp.TestCases.PinEntryEntrePinTextPresence@78123e82]" name="ConfigureAppium" is-config="true" duration-ms="8181" started-at="2022-08-30T09:07:27Z" finished-at="2022-08-30T09:07:35Z">
          <reporter-output>
          </reporter-output>
        </test-method> <!-- ConfigureAppium -->
        <test-method status="PASS" signature="TearDown()[pri:0, instance:com.NativeApp.TestCases.PinEntryEntrePinTextPresence@78123e82]" name="TearDown" is-config="true" duration-ms="281" started-at="2022-08-30T09:07:35Z" finished-at="2022-08-30T09:07:35Z">
          <reporter-output>
          </reporter-output>
        </test-method> <!-- TearDown -->
      </class> <!-- com.NativeApp.TestCases.PinEntryEntrePinTextPresence -->
    </test> <!-- 8.ensure user able see enterpin text in pin entry page -->
    <test name="9.ensure user able see the validation message if we try to login without entry the pin" duration-ms="8764" started-at="2022-08-30T09:07:36Z" finished-at="2022-08-30T09:07:44Z">
      <class name="com.NativeApp.TestCases.PinEntryPageFieldValidation">
        <test-method status="PASS" signature="ConfigureAppium()[pri:0, instance:com.NativeApp.TestCases.PinEntryPageFieldValidation@16a0ee18]" name="ConfigureAppium" is-config="true" duration-ms="8489" started-at="2022-08-30T09:07:36Z" finished-at="2022-08-30T09:07:44Z">
          <reporter-output>
          </reporter-output>
        </test-method> <!-- ConfigureAppium -->
        <test-method status="PASS" signature="TearDown()[pri:0, instance:com.NativeApp.TestCases.PinEntryPageFieldValidation@16a0ee18]" name="TearDown" is-config="true" duration-ms="274" started-at="2022-08-30T09:07:44Z" finished-at="2022-08-30T09:07:44Z">
          <reporter-output>
          </reporter-output>
        </test-method> <!-- TearDown -->
      </class> <!-- com.NativeApp.TestCases.PinEntryPageFieldValidation -->
    </test> <!-- 9.ensure user able see the validation message if we try to login without entry the pin -->
    <test name="10.ensure user able see the validation message if we try to login with invalid or expired pin" duration-ms="8789" started-at="2022-08-30T09:07:44Z" finished-at="2022-08-30T09:07:53Z">
      <class name="com.NativeApp.TestCases.PinEntryPageInvalidPinValidationMsg">
        <test-method status="PASS" signature="ConfigureAppium()[pri:0, instance:com.NativeApp.TestCases.PinEntryPageInvalidPinValidationMsg@156b88f5]" name="ConfigureAppium" is-config="true" duration-ms="8494" started-at="2022-08-30T09:07:44Z" finished-at="2022-08-30T09:07:53Z">
          <reporter-output>
          </reporter-output>
        </test-method> <!-- ConfigureAppium -->
        <test-method status="PASS" signature="TearDown()[pri:0, instance:com.NativeApp.TestCases.PinEntryPageInvalidPinValidationMsg@156b88f5]" name="TearDown" is-config="true" duration-ms="295" started-at="2022-08-30T09:07:53Z" finished-at="2022-08-30T09:07:53Z">
          <reporter-output>
          </reporter-output>
        </test-method> <!-- TearDown -->
      </class> <!-- com.NativeApp.TestCases.PinEntryPageInvalidPinValidationMsg -->
    </test> <!-- 10.ensure user able see the validation message if we try to login with invalid or expired pin -->
    <test name="11.ensure user able see app logo in pin entry page" duration-ms="7818" started-at="2022-08-30T09:07:53Z" finished-at="2022-08-30T09:08:01Z">
      <class name="com.NativeApp.TestCases.PinEntryPageLogoPresence">
        <test-method status="PASS" signature="ConfigureAppium()[pri:0, instance:com.NativeApp.TestCases.PinEntryPageLogoPresence@5562c41e]" name="ConfigureAppium" is-config="true" duration-ms="7519" started-at="2022-08-30T09:07:53Z" finished-at="2022-08-30T09:08:01Z">
          <reporter-output>
          </reporter-output>
        </test-method> <!-- ConfigureAppium -->
        <test-method status="PASS" signature="TearDown()[pri:0, instance:com.NativeApp.TestCases.PinEntryPageLogoPresence@5562c41e]" name="TearDown" is-config="true" duration-ms="299" started-at="2022-08-30T09:08:01Z" finished-at="2022-08-30T09:08:01Z">
          <reporter-output>
          </reporter-output>
        </test-method> <!-- TearDown -->
      </class> <!-- com.NativeApp.TestCases.PinEntryPageLogoPresence -->
    </test> <!-- 11.ensure user able see app logo in pin entry page -->
    <test name="12.ensure user able login with entry the valid pin" duration-ms="31458" started-at="2022-08-30T09:08:01Z" finished-at="2022-08-30T09:08:32Z">
      <class name="com.NativeApp.TestCases.AppSuccessfullLoginWithValidPin">
        <test-method status="PASS" signature="ConfigureAppium()[pri:0, instance:com.NativeApp.TestCases.AppSuccessfullLoginWithValidPin@28f2a10f]" name="ConfigureAppium" is-config="true" duration-ms="8497" started-at="2022-08-30T09:08:01Z" finished-at="2022-08-30T09:08:09Z">
          <reporter-output>
          </reporter-output>
        </test-method> <!-- ConfigureAppium -->
        <test-method status="PASS" signature="loginWithValidPininpintrypage(java.lang.String)[pri:0, instance:com.NativeApp.TestCases.AppSuccessfullLoginWithValidPin@28f2a10f]" name="loginWithValidPininpintrypage" duration-ms="22656" started-at="2022-08-30T09:08:09Z" data-provider="getData" finished-at="2022-08-30T09:08:32Z">
          <params>
            <param index="0">
              <value>
                <![CDATA[8877665544]]>
              </value>
            </param>
          </params>
          <reporter-output>
          </reporter-output>
        </test-method> <!-- loginWithValidPininpintrypage -->
        <test-method status="PASS" signature="TearDown()[pri:0, instance:com.NativeApp.TestCases.AppSuccessfullLoginWithValidPin@28f2a10f]" name="TearDown" is-config="true" duration-ms="303" started-at="2022-08-30T09:08:32Z" finished-at="2022-08-30T09:08:32Z">
          <reporter-output>
          </reporter-output>
        </test-method> <!-- TearDown -->
      </class> <!-- com.NativeApp.TestCases.AppSuccessfullLoginWithValidPin -->
    </test> <!-- 12.ensure user able login with entry the valid pin -->
    <test name="13.ensure user able select any merchant in merchant list page" duration-ms="9184" started-at="2022-08-30T09:08:33Z" finished-at="2022-08-30T09:08:42Z">
      <class name="com.NativeApp.TestCases.MerchantListSelectMerchant">
        <test-method status="PASS" signature="ConfigureAppium()[pri:0, instance:com.NativeApp.TestCases.MerchantListSelectMerchant@20ccf40b]" name="ConfigureAppium" is-config="true" duration-ms="8915" started-at="2022-08-30T09:08:33Z" finished-at="2022-08-30T09:08:42Z">
          <reporter-output>
          </reporter-output>
        </test-method> <!-- ConfigureAppium -->
        <test-method status="PASS" signature="TearDown()[pri:0, instance:com.NativeApp.TestCases.MerchantListSelectMerchant@20ccf40b]" name="TearDown" is-config="true" duration-ms="269" started-at="2022-08-30T09:08:42Z" finished-at="2022-08-30T09:08:42Z">
          <reporter-output>
          </reporter-output>
        </test-method> <!-- TearDown -->
      </class> <!-- com.NativeApp.TestCases.MerchantListSelectMerchant -->
    </test> <!-- 13.ensure user able select any merchant in merchant list page -->
    <test name="14.ensure user able see the same number in joinform phone number box which one entered in login page" duration-ms="9481" started-at="2022-08-30T09:08:42Z" finished-at="2022-08-30T09:08:52Z">
      <class name="com.NativeApp.TestCases.JoinFormPhoneNum">
        <test-method status="PASS" signature="ConfigureAppium()[pri:0, instance:com.NativeApp.TestCases.JoinFormPhoneNum@6283d8b8]" name="ConfigureAppium" is-config="true" duration-ms="9102" started-at="2022-08-30T09:08:42Z" finished-at="2022-08-30T09:08:52Z">
          <reporter-output>
          </reporter-output>
        </test-method> <!-- ConfigureAppium -->
        <test-method status="PASS" signature="TearDown()[pri:0, instance:com.NativeApp.TestCases.JoinFormPhoneNum@6283d8b8]" name="TearDown" is-config="true" duration-ms="379" started-at="2022-08-30T09:08:52Z" finished-at="2022-08-30T09:08:52Z">
          <reporter-output>
          </reporter-output>
        </test-method> <!-- TearDown -->
      </class> <!-- com.NativeApp.TestCases.JoinFormPhoneNum -->
    </test> <!-- 14.ensure user able see the same number in joinform phone number box which one entered in login page -->
    <test name="15.ensure user able sigup through joinform by entring all required fields" duration-ms="39156" started-at="2022-08-30T09:08:52Z" finished-at="2022-08-30T09:09:31Z">
      <class name="com.NativeApp.TestCases.JoinFormSuccessfullSignUp">
        <test-method status="PASS" signature="ConfigureAppium()[pri:0, instance:com.NativeApp.TestCases.JoinFormSuccessfullSignUp@a530d0a]" name="ConfigureAppium" is-config="true" duration-ms="9404" started-at="2022-08-30T09:08:52Z" finished-at="2022-08-30T09:09:02Z">
          <reporter-output>
          </reporter-output>
        </test-method> <!-- ConfigureAppium -->
        <test-method status="FAIL" signature="SuccessfullSignUpinjoinforms(java.lang.String, java.lang.String, java.lang.String, java.lang.String)[pri:0, instance:com.NativeApp.TestCases.JoinFormSuccessfullSignUp@a530d0a]" name="SuccessfullSignUpinjoinforms" duration-ms="27749" started-at="2022-08-30T09:09:02Z" data-provider="joinFormData" finished-at="2022-08-30T09:09:29Z">
          <params>
            <param index="0">
              <value>
                <![CDATA[8877665544]]>
              </value>
            </param>
            <param index="1">
              <value>
                <![CDATA[renberg@gmail.com]]>
              </value>
            </param>
            <param index="2">
              <value>
                <![CDATA[Ren]]>
              </value>
            </param>
            <param index="3">
              <value>
                <![CDATA[Berg]]>
              </value>
            </param>
          </params>
          <exception class="org.openqa.selenium.InvalidElementStateException">
            <message>
              <![CDATA[Cannot set the element to 'renberg@gmail.com'. Did you interact with the correct element?
Build info: version: '4.4.0', revision: 'e5c75ed026a'
System info: host: 'DESKTOP-2RF84QH', ip: '192.168.34.15', os.name: 'Windows 10', os.arch: 'amd64', os.version: '10.0', java.version: '1.8.0_341'
Driver info: io.appium.java_client.android.AndroidDriver
Command: [a6d4929a-8e38-485b-be35-3b1aec69ae7a, sendKeysToElement {id=00000000-0000-0312-ffff-ffff0000014b, value=[Ljava.lang.CharSequence;@1da1380b}]
Capabilities {appium:app: C:\Users\GSPLK-LPA99\Deskto..., appium:appPackage: com.springbig.theHelloClub, appium:automationName: UIAutomator2, appium:databaseEnabled: false, appium:desired: {app: C:\Users\GSPLK-LPA99\Deskto..., automationName: UIAutomator2, deviceName: xiaomi Redmi Note 8 Pro, platformName: android}, appium:deviceApiLevel: 30, appium:deviceManufacturer: Xiaomi, appium:deviceModel: Redmi Note 8 Pro, appium:deviceName: v8kjhmcqaaqcuovk, appium:deviceScreenDensity: 440, appium:deviceScreenSize: 1080x2340, appium:deviceUDID: v8kjhmcqaaqcuovk, appium:javascriptEnabled: true, appium:locationContextEnabled: false, appium:networkConnectionEnabled: true, appium:pixelRatio: 2.75, appium:platformVersion: 11, appium:statBarHeight: 76, appium:takesScreenshot: true, appium:viewportRect: {height: 2058, left: 0, top: 76, width: 1080}, appium:warnings: {}, appium:webStorageEnabled: false, platformName: ANDROID}
Element: [[AndroidDriver:  on ANDROID (a6d4929a-8e38-485b-be35-3b1aec69ae7a)] -> xpath: (//android.widget.EditText)[2]]
Session ID: a6d4929a-8e38-485b-be35-3b1aec69ae7a]]>
            </message>
            <full-stacktrace>
              <![CDATA[org.openqa.selenium.InvalidElementStateException: Cannot set the element to 'renberg@gmail.com'. Did you interact with the correct element?
Build info: version: '4.4.0', revision: 'e5c75ed026a'
System info: host: 'DESKTOP-2RF84QH', ip: '192.168.34.15', os.name: 'Windows 10', os.arch: 'amd64', os.version: '10.0', java.version: '1.8.0_341'
Driver info: io.appium.java_client.android.AndroidDriver
Command: [a6d4929a-8e38-485b-be35-3b1aec69ae7a, sendKeysToElement {id=00000000-0000-0312-ffff-ffff0000014b, value=[Ljava.lang.CharSequence;@1da1380b}]
Capabilities {appium:app: C:\Users\GSPLK-LPA99\Deskto..., appium:appPackage: com.springbig.theHelloClub, appium:automationName: UIAutomator2, appium:databaseEnabled: false, appium:desired: {app: C:\Users\GSPLK-LPA99\Deskto..., automationName: UIAutomator2, deviceName: xiaomi Redmi Note 8 Pro, platformName: android}, appium:deviceApiLevel: 30, appium:deviceManufacturer: Xiaomi, appium:deviceModel: Redmi Note 8 Pro, appium:deviceName: v8kjhmcqaaqcuovk, appium:deviceScreenDensity: 440, appium:deviceScreenSize: 1080x2340, appium:deviceUDID: v8kjhmcqaaqcuovk, appium:javascriptEnabled: true, appium:locationContextEnabled: false, appium:networkConnectionEnabled: true, appium:pixelRatio: 2.75, appium:platformVersion: 11, appium:statBarHeight: 76, appium:takesScreenshot: true, appium:viewportRect: {height: 2058, left: 0, top: 76, width: 1080}, appium:warnings: {}, appium:webStorageEnabled: false, platformName: ANDROID}
Element: [[AndroidDriver:  on ANDROID (a6d4929a-8e38-485b-be35-3b1aec69ae7a)] -> xpath: (//android.widget.EditText)[2]]
Session ID: a6d4929a-8e38-485b-be35-3b1aec69ae7a
at sun.reflect.NativeConstructorAccessorImpl.newInstance0(Native Method)
at sun.reflect.NativeConstructorAccessorImpl.newInstance(NativeConstructorAccessorImpl.java:62)
at sun.reflect.DelegatingConstructorAccessorImpl.newInstance(DelegatingConstructorAccessorImpl.java:45)
at java.lang.reflect.Constructor.newInstance(Constructor.java:423)
at org.openqa.selenium.remote.codec.w3c.W3CHttpResponseCodec.createException(W3CHttpResponseCodec.java:200)
at org.openqa.selenium.remote.codec.w3c.W3CHttpResponseCodec.decode(W3CHttpResponseCodec.java:133)
at org.openqa.selenium.remote.codec.w3c.W3CHttpResponseCodec.decode(W3CHttpResponseCodec.java:53)
at org.openqa.selenium.remote.HttpCommandExecutor.execute(HttpCommandExecutor.java:184)
at io.appium.java_client.remote.AppiumCommandExecutor.execute(AppiumCommandExecutor.java:180)
at org.openqa.selenium.remote.RemoteWebDriver.execute(RemoteWebDriver.java:547)
at org.openqa.selenium.remote.RemoteWebElement.execute(RemoteWebElement.java:257)
at org.openqa.selenium.remote.RemoteWebElement.sendKeys(RemoteWebElement.java:113)
at sun.reflect.NativeMethodAccessorImpl.invoke0(Native Method)
at sun.reflect.NativeMethodAccessorImpl.invoke(NativeMethodAccessorImpl.java:62)
at sun.reflect.DelegatingMethodAccessorImpl.invoke(DelegatingMethodAccessorImpl.java:43)
at java.lang.reflect.Method.invoke(Method.java:498)
at org.openqa.selenium.support.pagefactory.internal.LocatingElementHandler.invoke(LocatingElementHandler.java:52)
at com.sun.proxy.$Proxy14.sendKeys(Unknown Source)
at com.NativeApp.ElementsAction.JoinForm.setEmail(JoinForm.java:81)
at com.NativeApp.TestCases.JoinFormSuccessfullSignUp.SuccessfullSignUpinjoinforms(JoinFormSuccessfullSignUp.java:18)
at sun.reflect.NativeMethodAccessorImpl.invoke0(Native Method)
at sun.reflect.NativeMethodAccessorImpl.invoke(NativeMethodAccessorImpl.java:62)
at sun.reflect.DelegatingMethodAccessorImpl.invoke(DelegatingMethodAccessorImpl.java:43)
at java.lang.reflect.Method.invoke(Method.java:498)
at org.testng.internal.MethodInvocationHelper.invokeMethod(MethodInvocationHelper.java:124)
at org.testng.internal.Invoker.invokeMethod(Invoker.java:583)
at org.testng.internal.Invoker.invokeTestMethod(Invoker.java:719)
at org.testng.internal.Invoker.invokeTestMethods(Invoker.java:989)
at org.testng.internal.TestMethodWorker.invokeTestMethods(TestMethodWorker.java:125)
at org.testng.internal.TestMethodWorker.run(TestMethodWorker.java:109)
at org.testng.TestRunner.privateRun(TestRunner.java:648)
at org.testng.TestRunner.run(TestRunner.java:505)
at org.testng.SuiteRunner.runTest(SuiteRunner.java:455)
at org.testng.SuiteRunner.runSequentially(SuiteRunner.java:450)
at org.testng.SuiteRunner.privateRun(SuiteRunner.java:415)
at org.testng.SuiteRunner.run(SuiteRunner.java:364)
at org.testng.SuiteRunnerWorker.runSuite(SuiteRunnerWorker.java:52)
at org.testng.SuiteRunnerWorker.run(SuiteRunnerWorker.java:84)
at org.testng.TestNG.runSuitesSequentially(TestNG.java:1208)
at org.testng.TestNG.runSuitesLocally(TestNG.java:1137)
at org.testng.TestNG.runSuites(TestNG.java:1049)
at org.testng.TestNG.run(TestNG.java:1017)
at org.apache.maven.surefire.testng.TestNGExecutor.run(TestNGExecutor.java:324)
at org.apache.maven.surefire.testng.TestNGXmlTestSuite.execute(TestNGXmlTestSuite.java:74)
at org.apache.maven.surefire.testng.TestNGProvider.invoke(TestNGProvider.java:123)
at org.apache.maven.surefire.booter.ForkedBooter.runSuitesInProcess(ForkedBooter.java:456)
at org.apache.maven.surefire.booter.ForkedBooter.execute(ForkedBooter.java:169)
at org.apache.maven.surefire.booter.ForkedBooter.run(ForkedBooter.java:595)
at org.apache.maven.surefire.booter.ForkedBooter.main(ForkedBooter.java:581)
]]>
            </full-stacktrace>
          </exception> <!-- org.openqa.selenium.InvalidElementStateException -->
          <reporter-output>
          </reporter-output>
        </test-method> <!-- SuccessfullSignUpinjoinforms -->
        <test-method status="PASS" signature="TearDown()[pri:0, instance:com.NativeApp.TestCases.JoinFormSuccessfullSignUp@a530d0a]" name="TearDown" is-config="true" duration-ms="484" started-at="2022-08-30T09:09:31Z" finished-at="2022-08-30T09:09:31Z">
          <reporter-output>
          </reporter-output>
        </test-method> <!-- TearDown -->
      </class> <!-- com.NativeApp.TestCases.JoinFormSuccessfullSignUp -->
    </test> <!-- 15.ensure user able sigup through joinform by entring all required fields -->
    <test name="16.ensure user able sigup through rejoinform with already registered number" duration-ms="74208" started-at="2022-08-30T09:09:31Z" finished-at="2022-08-30T09:10:46Z">
      <class name="com.NativeApp.TestCases.Rejoinform">
        <test-method status="PASS" signature="ConfigureAppium()[pri:0, instance:com.NativeApp.TestCases.Rejoinform@66d3eec0]" name="ConfigureAppium" is-config="true" duration-ms="8951" started-at="2022-08-30T09:09:31Z" finished-at="2022-08-30T09:09:40Z">
          <reporter-output>
          </reporter-output>
        </test-method> <!-- ConfigureAppium -->
        <test-method status="PASS" signature="SuccessfullSignUpinrejoinform(java.lang.String)[pri:0, instance:com.NativeApp.TestCases.Rejoinform@66d3eec0]" name="SuccessfullSignUpinrejoinform" duration-ms="64885" started-at="2022-08-30T09:09:40Z" data-provider="getData" finished-at="2022-08-30T09:10:45Z">
          <params>
            <param index="0">
              <value>
                <![CDATA[8877665544]]>
              </value>
            </param>
          </params>
          <reporter-output>
          </reporter-output>
        </test-method> <!-- SuccessfullSignUpinrejoinform -->
        <test-method status="PASS" signature="TearDown()[pri:0, instance:com.NativeApp.TestCases.Rejoinform@66d3eec0]" name="TearDown" is-config="true" duration-ms="369" started-at="2022-08-30T09:10:45Z" finished-at="2022-08-30T09:10:46Z">
          <reporter-output>
          </reporter-output>
        </test-method> <!-- TearDown -->
      </class> <!-- com.NativeApp.TestCases.Rejoinform -->
    </test> <!-- 16.ensure user able sigup through rejoinform with already registered number -->
  </suite> <!-- Suite -->
</testng-results>
